# JRE version: OpenJDK Runtime Environment JBR-11.0.10.8-1145.96-jcef (11.0.10+8) (build 11.0.10+8-b1145.96)
# Java VM: OpenJDK 64-Bit Server VM JBR-11.0.10.8-1145.96-jcef (11.0.10+8-b1145.96, mixed mode, tiered, compressed oops, g1 gc, windows-amd64)
Heap:
 garbage-first heap   total 262144K, used 187021K [0x00000000e0000000, 0x0000000100000000)
  region size 1024K, 137 young (140288K), 20 survivors (20480K)
 Metaspace       used 43895K, capacity 44916K, committed 45136K, reserved 294912K
  class space    used 5493K, capacity 5889K, committed 6016K, reserved 253952K
GC Heap History (20 events):
Event: 4.401 GC heap before
{Heap before GC invocations=4 (full 0):
 garbage-first heap   total 262144K, used 22483K [0x00000000e0000000, 0x0000000100000000)
  region size 1024K, 10 young (10240K), 3 survivors (3072K)
 Metaspace       used 20616K, capacity 21187K, committed 21296K, reserved 274432K
  class space    used 2516K, capacity 2688K, committed 2688K, reserved 253952K
}
Event: 4.407 GC heap after
{Heap after GC invocations=5 (full 0):
 garbage-first heap   total 262144K, used 16596K [0x00000000e0000000, 0x0000000100000000)
  region size 1024K, 4 young (4096K), 4 survivors (4096K)
 Metaspace       used 20616K, capacity 21187K, committed 21296K, reserved 274432K
  class space    used 2516K, capacity 2688K, committed 2688K, reserved 253952K
}
Event: 12.149 GC heap before
{Heap before GC invocations=6 (full 0):
 garbage-first heap   total 262144K, used 81108K [0x00000000e0000000, 0x0000000100000000)
  region size 1024K, 58 young (59392K), 4 survivors (4096K)
 Metaspace       used 26424K, capacity 27193K, committed 27392K, reserved 278528K
  class space    used 3446K, capacity 3719K, committed 3840K, reserved 253952K
}
Event: 12.161 GC heap after
{Heap after GC invocations=7 (full 0):
 garbage-first heap   total 262144K, used 29622K [0x00000000e0000000, 0x0000000100000000)
  region size 1024K, 7 young (7168K), 7 survivors (7168K)
 Metaspace       used 26424K, capacity 27193K, committed 27392K, reserved 278528K
  class space    used 3446K, capacity 3719K, committed 3840K, reserved 253952K
}
Event: 13.590 GC heap before
{Heap before GC invocations=7 (full 0):
 garbage-first heap   total 262144K, used 89014K [0x00000000e0000000, 0x0000000100000000)
  region size 1024K, 67 young (68608K), 7 survivors (7168K)
 Metaspace       used 35156K, capacity 35941K, committed 36048K, reserved 286720K
  class space    used 4502K, capacity 4801K, committed 4864K, reserved 253952K
}
Event: 13.604 GC heap after
{Heap after GC invocations=8 (full 0):
 garbage-first heap   total 262144K, used 31835K [0x00000000e0000000, 0x0000000100000000)
  region size 1024K, 9 young (9216K), 9 survivors (9216K)
 Metaspace       used 35156K, capacity 35941K, committed 36048K, reserved 286720K
  class space    used 4502K, capacity 4801K, committed 4864K, reserved 253952K
}
Event: 18.194 GC heap before
{Heap before GC invocations=9 (full 0):
 garbage-first heap   total 262144K, used 137307K [0x00000000e0000000, 0x0000000100000000)
  region size 1024K, 104 young (106496K), 9 survivors (9216K)
 Metaspace       used 43239K, capacity 44223K, committed 44368K, reserved 292864K
  class space    used 5418K, capacity 5757K, committed 5760K, reserved 253952K
}
Event: 18.221 GC heap after
{Heap after GC invocations=10 (full 0):
 garbage-first heap   total 262144K, used 40641K [0x00000000e0000000, 0x0000000100000000)
  region size 1024K, 11 young (11264K), 11 survivors (11264K)
 Metaspace       used 43239K, capacity 44223K, committed 44368K, reserved 292864K
  class space    used 5418K, capacity 5757K, committed 5760K, reserved 253952K
}
Event: 20.538 GC heap before
{Heap before GC invocations=10 (full 0):
 garbage-first heap   total 262144K, used 155329K [0x00000000e0000000, 0x0000000100000000)
  region size 1024K, 123 young (125952K), 11 survivors (11264K)
 Metaspace       used 43283K, capacity 44225K, committed 44368K, reserved 292864K
  class space    used 5419K, capacity 5757K, committed 5760K, reserved 253952K
}
Event: 20.553 GC heap after
{Heap after GC invocations=11 (full 0):
 garbage-first heap   total 262144K, used 41379K [0x00000000e0000000, 0x0000000100000000)
  region size 1024K, 8 young (8192K), 8 survivors (8192K)
 Metaspace       used 43283K, capacity 44225K, committed 44368K, reserved 292864K
  class space    used 5419K, capacity 5757K, committed 5760K, reserved 253952K
}
Event: 22.051 GC heap before
{Heap before GC invocations=11 (full 0):
 garbage-first heap   total 262144K, used 170403K [0x00000000e0000000, 0x0000000100000000)
  region size 1024K, 134 young (137216K), 8 survivors (8192K)
 Metaspace       used 43284K, capacity 44225K, committed 44368K, reserved 292864K
  class space    used 5419K, capacity 5757K, committed 5760K, reserved 253952K
}
Event: 22.065 GC heap after
{Heap after GC invocations=12 (full 0):
 garbage-first heap   total 262144K, used 42274K [0x00000000e0000000, 0x0000000100000000)
  region size 1024K, 9 young (9216K), 9 survivors (9216K)
 Metaspace       used 43284K, capacity 44225K, committed 44368K, reserved 292864K
  class space    used 5419K, capacity 5757K, committed 5760K, reserved 253952K
}
Event: 23.685 GC heap before
{Heap before GC invocations=12 (full 0):
 garbage-first heap   total 262144K, used 188706K [0x00000000e0000000, 0x0000000100000000)
  region size 1024K, 152 young (155648K), 9 survivors (9216K)
 Metaspace       used 43285K, capacity 44225K, committed 44368K, reserved 292864K
  class space    used 5419K, capacity 5757K, committed 5760K, reserved 253952K
}
Event: 23.706 GC heap after
{Heap after GC invocations=13 (full 0):
 garbage-first heap   total 262144K, used 46395K [0x00000000e0000000, 0x0000000100000000)
  region size 1024K, 13 young (13312K), 13 survivors (13312K)
 Metaspace       used 43285K, capacity 44225K, committed 44368K, reserved 292864K
  class space    used 5419K, capacity 5757K, committed 5760K, reserved 253952K
}
Event: 24.571 GC heap before
{Heap before GC invocations=13 (full 0):
 garbage-first heap   total 262144K, used 189755K [0x00000000e0000000, 0x0000000100000000)
  region size 1024K, 153 young (156672K), 13 survivors (13312K)
 Metaspace       used 43293K, capacity 44225K, committed 44368K, reserved 292864K
  class space    used 5419K, capacity 5757K, committed 5760K, reserved 253952K
}
Event: 24.591 GC heap after
{Heap after GC invocations=14 (full 0):
 garbage-first heap   total 262144K, used 48966K [0x00000000e0000000, 0x0000000100000000)
  region size 1024K, 13 young (13312K), 13 survivors (13312K)
 Metaspace       used 43293K, capacity 44225K, committed 44368K, reserved 292864K
  class space    used 5419K, capacity 5757K, committed 5760K, reserved 253952K
}
Event: 26.291 GC heap before
{Heap before GC invocations=14 (full 0):
 garbage-first heap   total 262144K, used 192326K [0x00000000e0000000, 0x0000000100000000)
  region size 1024K, 153 young (156672K), 13 survivors (13312K)
 Metaspace       used 43296K, capacity 44225K, committed 44368K, reserved 292864K
  class space    used 5419K, capacity 5757K, committed 5760K, reserved 253952K
}
Event: 26.310 GC heap after
{Heap after GC invocations=15 (full 0):
 garbage-first heap   total 262144K, used 50176K [0x00000000e0000000, 0x0000000100000000)
  region size 1024K, 10 young (10240K), 10 survivors (10240K)
 Metaspace       used 43296K, capacity 44225K, committed 44368K, reserved 292864K
  class space    used 5419K, capacity 5757K, committed 5760K, reserved 253952K
}
Event: 27.419 GC heap before
{Heap before GC invocations=15 (full 0):
 garbage-first heap   total 262144K, used 200704K [0x00000000e0000000, 0x0000000100000000)
  region size 1024K, 153 young (156672K), 10 survivors (10240K)
 Metaspace       used 43431K, capacity 44355K, committed 44496K, reserved 292864K
  class space    used 5441K, capacity 5801K, committed 5888K, reserved 253952K
}
Event: 27.434 GC heap after
{Heap after GC invocations=16 (full 0):
 garbage-first heap   total 262144K, used 68237K [0x00000000e0000000, 0x0000000100000000)
  region size 1024K, 20 young (20480K), 20 survivors (20480K)
 Metaspace       used 43431K, capacity 44355K, committed 44496K, reserved 292864K
  class space    used 5441K, capacity 5801K, committed 5888K, reserved 253952K
}

